  GameGrid.cpp
  ToggleButtonGrid.cpp
  WordSnake.cpp
  Generating Code...
  WordSnake.vcxproj -> C:\Users\Feast\source\repos\WordSnake\x64\Debug\WordSnake.exe
  ALLUSERSPROFILE=C:\ProgramData
  APPDATA=C:\Users\Feast\AppData\Roaming
  CAExcludePath=C:\Program Files (x86)\Microsoft Visual Studio\2019\Community\VC\Tools\MSVC\14.29.30133\atlmfc\include;C:\Program Files (x86)\Microsoft Visual Studio\2019\Community\VC\Tools\MSVC\14.29.30133\include;C:\Program Files (x86)\Windows Kits\10\Include\10.0.19041.0\ucrt;;C:\Program Files (x86)\Windows Kits\10\Include\10.0.19041.0\um;C:\Program Files (x86)\Windows Kits\10\Include\10.0.19041.0\shared;C:\Program Files (x86)\Windows Kits\10\Include\10.0.19041.0\winrt;C:\Program Files (x86)\Windows Kits\10\Include\10.0.19041.0\cppwinrt;Include\um;
  ChocolateyInstall=C:\ProgramData\chocolatey
  ChocolateyLastPathUpdate=132810832166313378
  ChocolateyToolsLocation=C:\tools
  CommonProgramFiles=C:\Program Files (x86)\Common Files
  CommonProgramFiles(x86)=C:\Program Files (x86)\Common Files
  CommonProgramW6432=C:\Program Files\Common Files
  COMPUTERNAME=DESKTOP-062VHRO
  ComSpec=C:\Windows\system32\cmd.exe
  DriverData=C:\Windows\System32\Drivers\DriverData
  EXTERNAL_INCLUDE=C:\Program Files (x86)\Microsoft Visual Studio\2019\Community\VC\Tools\MSVC\14.29.30133\include;;C:\Program Files (x86)\Microsoft Visual Studio\2019\Community\VC\Tools\MSVC\14.29.30133\atlmfc\include;;C:\Program Files (x86)\Microsoft Visual Studio\2019\Community\VC\Auxiliary\VS\include;;C:\Program Files (x86)\Windows Kits\10\Include\10.0.19041.0\ucrt;;;C:\Program Files (x86)\Windows Kits\10\Include\10.0.19041.0\um;C:\Program Files (x86)\Windows Kits\10\Include\10.0.19041.0\shared;C:\Program Files (x86)\Windows Kits\10\Include\10.0.19041.0\winrt;C:\Program Files (x86)\Windows Kits\10\Include\10.0.19041.0\cppwinrt;Include\um;
  FPS_BROWSER_APP_PROFILE_STRING=Internet Explorer
  FPS_BROWSER_USER_PROFILE_STRING=Default
  GIT_LFS_PATH=C:\Program Files\Git LFS
  GOPATH=C:\Program Files\Go
  GOPROXY=https://proxy.golang.org,direct
  HOMEDRIVE=C:
  HOMEPATH=\Users\Feast
  INCLUDE=C:\Program Files (x86)\Microsoft Visual Studio\2019\Community\VC\Tools\MSVC\14.29.30133\include;;C:\Program Files (x86)\Microsoft Visual Studio\2019\Community\VC\Tools\MSVC\14.29.30133\atlmfc\include;;C:\Program Files (x86)\Microsoft Visual Studio\2019\Community\VC\Auxiliary\VS\include;;C:\Program Files (x86)\Windows Kits\10\Include\10.0.19041.0\ucrt;;;C:\Program Files (x86)\Windows Kits\10\Include\10.0.19041.0\um;C:\Program Files (x86)\Windows Kits\10\Include\10.0.19041.0\shared;C:\Program Files (x86)\Windows Kits\10\Include\10.0.19041.0\winrt;C:\Program Files (x86)\Windows Kits\10\Include\10.0.19041.0\cppwinrt;Include\um;
  LIB=C:\Program Files (x86)\Microsoft Visual Studio\2019\Community\VC\Tools\MSVC\14.29.30133\lib\x64;;C:\Program Files (x86)\Microsoft Visual Studio\2019\Community\VC\Tools\MSVC\14.29.30133\atlmfc\lib\x64;;C:\Program Files (x86)\Microsoft Visual Studio\2019\Community\VC\Auxiliary\VS\lib\x64;;C:\Program Files (x86)\Windows Kits\10\lib\10.0.19041.0\ucrt\x64;;;C:\Program Files (x86)\Windows Kits\10\lib\10.0.19041.0\um\x64;lib\um\x64;
  LIBPATH=C:\Program Files (x86)\Microsoft Visual Studio\2019\Community\VC\Tools\MSVC\14.29.30133\atlmfc\lib\x64;;C:\Program Files (x86)\Microsoft Visual Studio\2019\Community\VC\Tools\MSVC\14.29.30133\lib\x64;
  LOCALAPPDATA=C:\Users\Feast\AppData\Local
  LOGONSERVER=\\DESKTOP-062VHRO
  MSBuildLoadMicrosoftTargetsReadOnly=true
  NUMBER_OF_PROCESSORS=8
  OculusBase=C:\Program Files\Oculus\
  OneDrive=C:\Users\Feast\OneDrive
  OS=Windows_NT
  Path=C:\Program Files (x86)\Microsoft Visual Studio\2019\Community\VC\Tools\MSVC\14.29.30133\bin\HostX86\x64;C:\Program Files (x86)\Microsoft Visual Studio\2019\Community\VC\Tools\MSVC\14.29.30133\bin\HostX86\x86;C:\Program Files (x86)\Windows Kits\10\bin\10.0.19041.0\x86;;C:\Program Files (x86)\Microsoft Visual Studio\2019\Community\Common7\tools;C:\Program Files (x86)\Microsoft Visual Studio\2019\Community\Common7\ide;C:\Program Files (x86)\HTML Help Workshop;;C:\Program Files (x86)\Microsoft Visual Studio\2019\Community\MSBuild\Current\Bin;C:\Windows\Microsoft.NET\Framework\v4.0.30319\;;C:\Program Files\Oculus\Support\oculus-runtime;C:\Windows\system32;C:\Windows;C:\Windows\System32\Wbem;C:\Windows\System32\WindowsPowerShell\v1.0\;C:\Windows\System32\OpenSSH\;C:\Program Files (x86)\Intel\Intel(R) Management Engine Components\DAL;C:\Program Files\Intel\Intel(R) Management Engine Components\DAL;C:\Program Files\NVIDIA Corporation\NVIDIA NvDLISR;C:\Program Files (x86)\NVIDIA Corporation\PhysX\Common;C:\ProgramData\chocolatey\bin;C:\Program Files\CMake\bin;C:\MinGW\mingw32\bin;C:\Program Files\Go\bin;C:\Program Files\Git LFS;C:\Program Files\Git\cmd;C:\Users\Feast\AppData\Local\Microsoft\WindowsApps;C:\Users\Feast\AppData\Roaming\cabal\bin;C:\tools\ghc-9.2.1\bin;C:\tools\msys64;C:\Users\Feast\AppData\Local\GitHubDesktop\bin;C:\MinGW\bin;C:\Users\Feast\wxWidgets-3.1.5\lib\vc142_x64_dll;;C:\Users\Feast\AppData\Local\Programs\Microsoft VS Code\bin;C:\Users\Feast\go\bin;
  PATHEXT=.COM;.EXE;.BAT;.CMD;.VBS;.VBE;.JS;.JSE;.WSF;.WSH;.MSC
  PkgDefApplicationConfigFile=C:\Users\Feast\AppData\Local\Microsoft\VisualStudio\16.0_15f59de1\devenv.exe.config
  PROCESSOR_ARCHITECTURE=x86
  PROCESSOR_ARCHITEW6432=AMD64
  PROCESSOR_IDENTIFIER=Intel64 Family 6 Model 158 Stepping 13, GenuineIntel
  PROCESSOR_LEVEL=6
  PROCESSOR_REVISION=9e0d
  ProgramData=C:\ProgramData
  ProgramFiles=C:\Program Files (x86)
  ProgramFiles(x86)=C:\Program Files (x86)
  ProgramW6432=C:\Program Files
  PROMPT=$P$G
  PSModulePath=C:\Program Files\WindowsPowerShell\Modules;C:\Windows\system32\WindowsPowerShell\v1.0\Modules
  PUBLIC=C:\Users\Public
  ServiceHubLogSessionKey=85B531B0
  SESSIONNAME=Console
  SystemDrive=C:
  SystemRoot=C:\Windows
  TEMP=C:\Users\Feast\AppData\Local\Temp
  ThreadedWaitDialogDpiContext=-4
  TMP=C:\Users\Feast\AppData\Local\Temp
  USERDOMAIN=DESKTOP-062VHRO
  USERDOMAIN_ROAMINGPROFILE=DESKTOP-062VHRO
  USERNAME=Feast
  USERPROFILE=C:\Users\Feast
  VisualStudioDir=C:\Users\Feast\Documents\Visual Studio 2019
  VisualStudioEdition=Microsoft Visual Studio Community 2019
  VisualStudioVersion=16.0
  VSAPPIDDIR=C:\Program Files (x86)\Microsoft Visual Studio\2019\Community\Common7\IDE\
  VSAPPIDNAME=devenv.exe
  VSLANG=1033
  VSLS_SESSION_KEEPALIVE_INTERVAL=0
  VSSKUEDITION=Community
  VSTEL_CurrentSolutionBuildID=3565306502
  VSTEL_ProjectID={530b976c-4874-4524-817c-129d7a0f3654}
  VSTEL_SolutionSessionID={F8E7FBF2-9565-4917-B632-853F97613BCE}
  windir=C:\Windows
  wxwin=C:\Users\Feast\wxWidgets-3.1.5
  _MSYS2_BASH=C:\tools\msys64\usr\bin\bash.exe
  _MSYS2_PREFIX=x86_64
